[debug] [2023-10-24T12:10:39.823Z] ----------------------------------------------------------------------
[debug] [2023-10-24T12:10:39.828Z] Command:       C:\Program Files\nodejs\node.exe C:\Users\rajch\AppData\Roaming\npm\node_modules\firebase-tools\lib\bin\firebase.js login
[debug] [2023-10-24T12:10:39.829Z] CLI Version:   12.7.0
[debug] [2023-10-24T12:10:39.830Z] Platform:      win32
[debug] [2023-10-24T12:10:39.830Z] Node Version:  v18.17.0
[debug] [2023-10-24T12:10:39.832Z] Time:          Tue Oct 24 2023 17:40:39 GMT+0530 (India Standard Time)
[debug] [2023-10-24T12:10:39.832Z] ----------------------------------------------------------------------
[debug] 
[debug] [2023-10-24T12:10:39.838Z] >>> [apiv2][query] GET https://firebase-public.firebaseio.com/cli.json [none]
[info] Already logged in as rajchhalotre15@gmail.com
[debug] [2023-10-24T12:10:40.838Z] <<< [apiv2][status] GET https://firebase-public.firebaseio.com/cli.json 200
[debug] [2023-10-24T12:10:40.838Z] <<< [apiv2][body] GET https://firebase-public.firebaseio.com/cli.json {"cloudBuildErrorAfter":1594252800000,"cloudBuildWarnAfter":1590019200000,"defaultNode10After":1594252800000,"minVersion":"3.0.5","node8DeploysDisabledAfter":1613390400000,"node8RuntimeDisabledAfter":1615809600000,"node8WarnAfter":1600128000000}
[debug] [2023-10-24T12:10:49.924Z] Error: Timed out.
    at Timeout._onTimeout (C:\Users\rajch\AppData\Roaming\npm\node_modules\firebase-tools\lib\utils.js:254:49)
    at listOnTimeout (node:internal/timers:569:17)
    at process.processTimers (node:internal/timers:512:7)
[error] 
[error] Error: An unexpected error has occurred.
[debug] [2023-10-24T12:11:34.275Z] ----------------------------------------------------------------------
[debug] [2023-10-24T12:11:34.278Z] Command:       C:\Program Files\nodejs\node.exe C:\Users\rajch\AppData\Roaming\npm\node_modules\firebase-tools\lib\bin\firebase.js init
[debug] [2023-10-24T12:11:34.279Z] CLI Version:   12.7.0
[debug] [2023-10-24T12:11:34.279Z] Platform:      win32
[debug] [2023-10-24T12:11:34.279Z] Node Version:  v18.17.0
[debug] [2023-10-24T12:11:34.281Z] Time:          Tue Oct 24 2023 17:41:34 GMT+0530 (India Standard Time)
[debug] [2023-10-24T12:11:34.281Z] ----------------------------------------------------------------------
[debug] 
[debug] [2023-10-24T12:11:34.290Z] > command requires scopes: ["email","openid","https://www.googleapis.com/auth/cloudplatformprojects.readonly","https://www.googleapis.com/auth/firebase","https://www.googleapis.com/auth/cloud-platform"]
[debug] [2023-10-24T12:11:34.290Z] > authorizing via signed-in user (rajchhalotre15@gmail.com)
[info] 
     ######## #### ########  ######## ########     ###     ######  ########
     ##        ##  ##     ## ##       ##     ##  ##   ##  ##       ##
     ######    ##  ########  ######   ########  #########  ######  ######
     ##        ##  ##    ##  ##       ##     ## ##     ##       ## ##
     ##       #### ##     ## ######## ########  ##     ##  ######  ########

You're about to initialize a Firebase project in this directory:

  R:\Coding\Banking APP\banking-system-app

[info] 
=== Project Setup
[info] 
[info] First, let's associate this project directory with a Firebase project.
[info] You can create multiple project aliases by running firebase use --add, 
[info] but for now we'll just set up a default project.
[info] 
[debug] [2023-10-24T12:14:45.323Z] > refreshing access token with scopes: []
[debug] [2023-10-24T12:14:45.325Z] >>> [apiv2][query] POST https://www.googleapis.com/oauth2/v3/token [none]
[debug] [2023-10-24T12:14:45.325Z] >>> [apiv2][body] POST https://www.googleapis.com/oauth2/v3/token [omitted]
[debug] [2023-10-24T12:14:46.569Z] <<< [apiv2][status] POST https://www.googleapis.com/oauth2/v3/token 400
[debug] [2023-10-24T12:14:46.570Z] <<< [apiv2][body] POST https://www.googleapis.com/oauth2/v3/token [omitted]
[debug] [2023-10-24T12:14:46.572Z] >>> [apiv2][query] GET https://firebase.googleapis.com/v1beta1/projects pageSize=100
[debug] [2023-10-24T12:14:47.051Z] <<< [apiv2][status] GET https://firebase.googleapis.com/v1beta1/projects 401
[debug] [2023-10-24T12:14:47.052Z] <<< [apiv2][body] GET https://firebase.googleapis.com/v1beta1/projects [omitted]
[debug] [2023-10-24T12:14:47.053Z] HTTP Error: 401, Request had invalid authentication credentials. Expected OAuth 2 access token, login cookie or other valid authentication credential. See https://developers.google.com/identity/sign-in/web/devconsole-project.
[debug] [2023-10-24T12:14:52.064Z] Error: Timed out.
    at Timeout._onTimeout (C:\Users\rajch\AppData\Roaming\npm\node_modules\firebase-tools\lib\utils.js:254:49)
    at listOnTimeout (node:internal/timers:569:17)
    at process.processTimers (node:internal/timers:512:7)
[error] 
[error] Error: An unexpected error has occurred.
[debug] [2023-10-24T12:15:15.755Z] ----------------------------------------------------------------------
[debug] [2023-10-24T12:15:15.758Z] Command:       C:\Program Files\nodejs\node.exe C:\Users\rajch\AppData\Roaming\npm\node_modules\firebase-tools\lib\bin\firebase.js init
[debug] [2023-10-24T12:15:15.758Z] CLI Version:   12.7.0
[debug] [2023-10-24T12:15:15.759Z] Platform:      win32
[debug] [2023-10-24T12:15:15.759Z] Node Version:  v18.17.0
[debug] [2023-10-24T12:15:15.760Z] Time:          Tue Oct 24 2023 17:45:15 GMT+0530 (India Standard Time)
[debug] [2023-10-24T12:15:15.760Z] ----------------------------------------------------------------------
[debug] 
[debug] [2023-10-24T12:15:15.770Z] > command requires scopes: ["email","openid","https://www.googleapis.com/auth/cloudplatformprojects.readonly","https://www.googleapis.com/auth/firebase","https://www.googleapis.com/auth/cloud-platform"]
[debug] [2023-10-24T12:15:15.771Z] > authorizing via signed-in user (rajchhalotre15@gmail.com)
[info] 
     ######## #### ########  ######## ########     ###     ######  ########
     ##        ##  ##     ## ##       ##     ##  ##   ##  ##       ##
     ######    ##  ########  ######   ########  #########  ######  ######
     ##        ##  ##    ##  ##       ##     ## ##     ##       ## ##
     ##       #### ##     ## ######## ########  ##     ##  ######  ########

You're about to initialize a Firebase project in this directory:

  R:\Coding\Banking APP\banking-system-app

[debug] [2023-10-24T12:15:25.394Z] Error: Timed out.
    at Timeout._onTimeout (C:\Users\rajch\AppData\Roaming\npm\node_modules\firebase-tools\lib\utils.js:254:49)
    at listOnTimeout (node:internal/timers:569:17)
    at process.processTimers (node:internal/timers:512:7)
[error] 
[error] Error: An unexpected error has occurred.
[debug] [2023-10-24T12:15:30.592Z] ----------------------------------------------------------------------
[debug] [2023-10-24T12:15:30.596Z] Command:       C:\Program Files\nodejs\node.exe C:\Users\rajch\AppData\Roaming\npm\node_modules\firebase-tools\lib\bin\firebase.js init
[debug] [2023-10-24T12:15:30.597Z] CLI Version:   12.7.0
[debug] [2023-10-24T12:15:30.598Z] Platform:      win32
[debug] [2023-10-24T12:15:30.598Z] Node Version:  v18.17.0
[debug] [2023-10-24T12:15:30.599Z] Time:          Tue Oct 24 2023 17:45:30 GMT+0530 (India Standard Time)
[debug] [2023-10-24T12:15:30.599Z] ----------------------------------------------------------------------
[debug] 
[debug] [2023-10-24T12:15:30.609Z] > command requires scopes: ["email","openid","https://www.googleapis.com/auth/cloudplatformprojects.readonly","https://www.googleapis.com/auth/firebase","https://www.googleapis.com/auth/cloud-platform"]
[debug] [2023-10-24T12:15:30.609Z] > authorizing via signed-in user (rajchhalotre15@gmail.com)
[info] 
     ######## #### ########  ######## ########     ###     ######  ########
     ##        ##  ##     ## ##       ##     ##  ##   ##  ##       ##
     ######    ##  ########  ######   ########  #########  ######  ######
     ##        ##  ##    ##  ##       ##     ## ##     ##       ## ##
     ##       #### ##     ## ######## ########  ##     ##  ######  ########

You're about to initialize a Firebase project in this directory:

  R:\Coding\Banking APP\banking-system-app

[info] 
=== Project Setup
[info] 
[info] First, let's associate this project directory with a Firebase project.
[info] You can create multiple project aliases by running firebase use --add, 
[info] but for now we'll just set up a default project.
[info] 
[debug] [2023-10-24T12:15:35.828Z] > refreshing access token with scopes: []
[debug] [2023-10-24T12:15:35.830Z] >>> [apiv2][query] POST https://www.googleapis.com/oauth2/v3/token [none]
[debug] [2023-10-24T12:15:35.830Z] >>> [apiv2][body] POST https://www.googleapis.com/oauth2/v3/token [omitted]
[debug] [2023-10-24T12:15:36.255Z] <<< [apiv2][status] POST https://www.googleapis.com/oauth2/v3/token 400
[debug] [2023-10-24T12:15:36.255Z] <<< [apiv2][body] POST https://www.googleapis.com/oauth2/v3/token [omitted]
[debug] [2023-10-24T12:15:36.256Z] >>> [apiv2][query] GET https://firebase.googleapis.com/v1beta1/projects pageSize=100
[debug] [2023-10-24T12:15:36.797Z] <<< [apiv2][status] GET https://firebase.googleapis.com/v1beta1/projects 401
[debug] [2023-10-24T12:15:36.797Z] <<< [apiv2][body] GET https://firebase.googleapis.com/v1beta1/projects [omitted]
[debug] [2023-10-24T12:15:36.798Z] HTTP Error: 401, Request had invalid authentication credentials. Expected OAuth 2 access token, login cookie or other valid authentication credential. See https://developers.google.com/identity/sign-in/web/devconsole-project.
[debug] [2023-10-24T12:15:41.815Z] Error: Timed out.
    at Timeout._onTimeout (C:\Users\rajch\AppData\Roaming\npm\node_modules\firebase-tools\lib\utils.js:254:49)
    at listOnTimeout (node:internal/timers:569:17)
    at process.processTimers (node:internal/timers:512:7)
[error] 
[error] Error: An unexpected error has occurred.
[debug] [2023-10-24T12:18:38.749Z] ----------------------------------------------------------------------
[debug] [2023-10-24T12:18:38.751Z] Command:       C:\Program Files\nodejs\node.exe C:\Users\rajch\AppData\Roaming\npm\node_modules\firebase-tools\lib\bin\firebase.js deploy
[debug] [2023-10-24T12:18:38.752Z] CLI Version:   12.7.0
[debug] [2023-10-24T12:18:38.752Z] Platform:      win32
[debug] [2023-10-24T12:18:38.753Z] Node Version:  v18.17.0
[debug] [2023-10-24T12:18:38.762Z] Time:          Tue Oct 24 2023 17:48:38 GMT+0530 (India Standard Time)
[debug] [2023-10-24T12:18:38.763Z] ----------------------------------------------------------------------
[debug] 
[debug] [2023-10-24T12:18:43.855Z] Error: Timed out.
    at Timeout._onTimeout (C:\Users\rajch\AppData\Roaming\npm\node_modules\firebase-tools\lib\utils.js:254:49)
    at listOnTimeout (node:internal/timers:569:17)
    at process.processTimers (node:internal/timers:512:7)
[error] 
[error] Error: An unexpected error has occurred.
[debug] [2023-10-24T12:18:53.738Z] ----------------------------------------------------------------------
[debug] [2023-10-24T12:18:53.741Z] Command:       C:\Program Files\nodejs\node.exe C:\Users\rajch\AppData\Roaming\npm\node_modules\firebase-tools\lib\bin\firebase.js login
[debug] [2023-10-24T12:18:53.742Z] CLI Version:   12.7.0
[debug] [2023-10-24T12:18:53.742Z] Platform:      win32
[debug] [2023-10-24T12:18:53.742Z] Node Version:  v18.17.0
[debug] [2023-10-24T12:18:53.743Z] Time:          Tue Oct 24 2023 17:48:53 GMT+0530 (India Standard Time)
[debug] [2023-10-24T12:18:53.744Z] ----------------------------------------------------------------------
[debug] 
[info] Already logged in as rajchhalotre15@gmail.com
[debug] [2023-10-24T12:19:03.829Z] Error: Timed out.
    at Timeout._onTimeout (C:\Users\rajch\AppData\Roaming\npm\node_modules\firebase-tools\lib\utils.js:254:49)
    at listOnTimeout (node:internal/timers:569:17)
    at process.processTimers (node:internal/timers:512:7)
[error] 
[error] Error: An unexpected error has occurred.
[debug] [2023-10-24T12:24:38.029Z] ----------------------------------------------------------------------
[debug] [2023-10-24T12:24:38.033Z] Command:       C:\Program Files\nodejs\node.exe C:\Users\rajch\AppData\Roaming\npm\node_modules\firebase-tools\lib\bin\firebase.js login
[debug] [2023-10-24T12:24:38.034Z] CLI Version:   12.7.0
[debug] [2023-10-24T12:24:38.034Z] Platform:      win32
[debug] [2023-10-24T12:24:38.035Z] Node Version:  v18.17.0
[debug] [2023-10-24T12:24:38.048Z] Time:          Tue Oct 24 2023 17:54:38 GMT+0530 (India Standard Time)
[debug] [2023-10-24T12:24:38.048Z] ----------------------------------------------------------------------
[debug] 
[info] Already logged in as rajchhalotre15@gmail.com
[debug] [2023-10-24T12:24:48.183Z] Error: Timed out.
    at Timeout._onTimeout (C:\Users\rajch\AppData\Roaming\npm\node_modules\firebase-tools\lib\utils.js:254:49)
    at listOnTimeout (node:internal/timers:569:17)
    at process.processTimers (node:internal/timers:512:7)
[error] 
[error] Error: An unexpected error has occurred.
[debug] [2023-10-24T12:25:03.702Z] ----------------------------------------------------------------------
[debug] [2023-10-24T12:25:03.706Z] Command:       C:\Program Files\nodejs\node.exe C:\Users\rajch\AppData\Roaming\npm\node_modules\firebase-tools\lib\bin\firebase.js deploy
[debug] [2023-10-24T12:25:03.706Z] CLI Version:   12.7.0
[debug] [2023-10-24T12:25:03.707Z] Platform:      win32
[debug] [2023-10-24T12:25:03.707Z] Node Version:  v18.17.0
[debug] [2023-10-24T12:25:03.709Z] Time:          Tue Oct 24 2023 17:55:03 GMT+0530 (India Standard Time)
[debug] [2023-10-24T12:25:03.709Z] ----------------------------------------------------------------------
[debug] 
[debug] [2023-10-24T12:25:08.783Z] Error: Timed out.
    at Timeout._onTimeout (C:\Users\rajch\AppData\Roaming\npm\node_modules\firebase-tools\lib\utils.js:254:49)
    at listOnTimeout (node:internal/timers:569:17)
    at process.processTimers (node:internal/timers:512:7)
[error] 
[error] Error: An unexpected error has occurred.
[debug] [2023-10-24T12:27:06.801Z] ----------------------------------------------------------------------
[debug] [2023-10-24T12:27:06.803Z] Command:       C:\Program Files\nodejs\node.exe C:\Users\rajch\AppData\Roaming\npm\node_modules\firebase-tools\lib\bin\firebase.js login
[debug] [2023-10-24T12:27:06.804Z] CLI Version:   12.7.0
[debug] [2023-10-24T12:27:06.804Z] Platform:      win32
[debug] [2023-10-24T12:27:06.805Z] Node Version:  v18.17.0
[debug] [2023-10-24T12:27:06.806Z] Time:          Tue Oct 24 2023 17:57:06 GMT+0530 (India Standard Time)
[debug] [2023-10-24T12:27:06.806Z] ----------------------------------------------------------------------
[debug] 
[info] Already logged in as rajchhalotre15@gmail.com
[debug] [2023-10-24T12:27:16.899Z] Error: Timed out.
    at Timeout._onTimeout (C:\Users\rajch\AppData\Roaming\npm\node_modules\firebase-tools\lib\utils.js:254:49)
    at listOnTimeout (node:internal/timers:569:17)
    at process.processTimers (node:internal/timers:512:7)
[error] 
[error] Error: An unexpected error has occurred.
[debug] [2023-10-24T12:36:53.283Z] ----------------------------------------------------------------------
[debug] [2023-10-24T12:36:53.286Z] Command:       C:\Program Files\nodejs\node.exe C:\Users\rajch\AppData\Roaming\npm\node_modules\firebase-tools\lib\bin\firebase.js login
[debug] [2023-10-24T12:36:53.287Z] CLI Version:   12.7.0
[debug] [2023-10-24T12:36:53.287Z] Platform:      win32
[debug] [2023-10-24T12:36:53.287Z] Node Version:  v18.17.0
[debug] [2023-10-24T12:36:53.301Z] Time:          Tue Oct 24 2023 18:06:53 GMT+0530 (India Standard Time)
[debug] [2023-10-24T12:36:53.301Z] ----------------------------------------------------------------------
[debug] 
[info] Already logged in as rajchhalotre15@gmail.com
[debug] [2023-10-24T12:37:03.487Z] Error: Timed out.
    at Timeout._onTimeout (C:\Users\rajch\AppData\Roaming\npm\node_modules\firebase-tools\lib\utils.js:254:49)
    at listOnTimeout (node:internal/timers:569:17)
    at process.processTimers (node:internal/timers:512:7)
[error] 
[error] Error: An unexpected error has occurred.
